{
  "stats": {
    "suites": 1,
    "tests": 8,
    "passes": 8,
    "pending": 0,
    "failures": 0,
    "start": "2025-05-28T17:32:33.355Z",
    "end": "2025-05-28T17:32:50.274Z",
    "duration": 16919,
    "testsRegistered": 8,
    "passPercent": 100,
    "pendingPercent": 0,
    "other": 0,
    "hasOther": false,
    "skipped": 0,
    "hasSkipped": false
  },
  "results": [
    {
      "uuid": "2be5e6be-dac5-42d1-814c-901b4a35aa6c",
      "title": "",
      "fullFile": "cypress\\e2e\\lista1Students.cy.js",
      "file": "cypress\\e2e\\lista1Students.cy.js",
      "beforeHooks": [],
      "afterHooks": [],
      "tests": [],
      "suites": [
        {
          "uuid": "8288ecad-cfec-45f8-867c-71e5f971df49",
          "title": "Alunos",
          "fullFile": "",
          "file": "",
          "beforeHooks": [],
          "afterHooks": [],
          "tests": [
            {
              "title": "1 Carrega página novo aluno",
              "fullTitle": "Alunos 1 Carrega página novo aluno",
              "timedOut": null,
              "duration": 2000,
              "state": "passed",
              "speed": "fast",
              "pass": true,
              "fail": false,
              "pending": false,
              "context": null,
              "code": "cy.get('.sc-dsAqUS').should('have.value', 'aluno');\ncy.get(':nth-child(1) > .sc-bqOYya > .sc-gHjVMF').should('be.visible');\ncy.get(':nth-child(2) > .sc-bqOYya > .sc-gHjVMF').should('be.visible');\ncy.get(':nth-child(3) > .sc-bqOYya > .sc-gHjVMF').should('be.visible');\ncy.get(':nth-child(4) > .sc-irLvIq > .sc-csKJxZ').should('be.visible');",
              "err": {},
              "uuid": "fa5304d2-8050-4f03-b9c5-18d17a3a7917",
              "parentUUID": "8288ecad-cfec-45f8-867c-71e5f971df49",
              "isHook": false,
              "skipped": false
            },
            {
              "title": "2 Cadastra novo aluno e limpa formulario",
              "fullTitle": "Alunos 2 Cadastra novo aluno e limpa formulario",
              "timedOut": null,
              "duration": 2214,
              "state": "passed",
              "speed": "fast",
              "pass": true,
              "fail": false,
              "pending": false,
              "context": null,
              "code": "cy.get(':nth-child(1) > .sc-bqOYya > .sc-gHjVMF').type('teste');\ncy.get(':nth-child(2) > .sc-bqOYya > .sc-gHjVMF').type(emails[0]);\ncy.get(':nth-child(3) > .sc-bqOYya > .sc-gHjVMF').type('teste');\ncy.get(':nth-child(4) > .sc-irLvIq > .sc-csKJxZ').click();\ncy.get('.Toastify__toast-body > :nth-child(2)').should('have.text', 'Usuário criado com sucesso!');\ncy.get(':nth-child(1) > .sc-bqOYya > .sc-gHjVMF').should('have.text', '');\ncy.get(':nth-child(2) > .sc-bqOYya > .sc-gHjVMF').should('have.text', '');\ncy.get(':nth-child(3) > .sc-bqOYya > .sc-gHjVMF').should('have.text', '');",
              "err": {},
              "uuid": "d9562fe5-db54-4a1e-9783-42e9c2640b31",
              "parentUUID": "8288ecad-cfec-45f8-867c-71e5f971df49",
              "isHook": false,
              "skipped": false
            },
            {
              "title": "3 Nega cadastrar novo aluno com email ja cadastrado antes e limpa formulario",
              "fullTitle": "Alunos 3 Nega cadastrar novo aluno com email ja cadastrado antes e limpa formulario",
              "timedOut": null,
              "duration": 2082,
              "state": "passed",
              "speed": "fast",
              "pass": true,
              "fail": false,
              "pending": false,
              "context": null,
              "code": "cy.get(':nth-child(1) > .sc-bqOYya > .sc-gHjVMF').type('teste');\ncy.get(':nth-child(2) > .sc-bqOYya > .sc-gHjVMF').type(emails[0]);\ncy.get(':nth-child(3) > .sc-bqOYya > .sc-gHjVMF').type('teste');\ncy.get(':nth-child(4) > .sc-irLvIq > .sc-csKJxZ').click();\ncy.get('.Toastify__toast-body').should('have.text', 'Falha ao criar usuário.');\ncy.get(':nth-child(1) > .sc-bqOYya > .sc-gHjVMF').should('have.text', '');\ncy.get(':nth-child(2) > .sc-bqOYya > .sc-gHjVMF').should('have.text', '');\ncy.get(':nth-child(3) > .sc-bqOYya > .sc-gHjVMF').should('have.text', '');",
              "err": {},
              "uuid": "7436f7a3-6d00-44a0-aa6e-58e8604cdd9a",
              "parentUUID": "8288ecad-cfec-45f8-867c-71e5f971df49",
              "isHook": false,
              "skipped": false
            },
            {
              "title": "4 Nega cadastrar novo aluno com email invalido (sem @xxx.com)",
              "fullTitle": "Alunos 4 Nega cadastrar novo aluno com email invalido (sem @xxx.com)",
              "timedOut": null,
              "duration": 1981,
              "state": "passed",
              "speed": "fast",
              "pass": true,
              "fail": false,
              "pending": false,
              "context": null,
              "code": "cy.get(':nth-child(1) > .sc-bqOYya > .sc-gHjVMF').type('teste');\ncy.get(':nth-child(2) > .sc-bqOYya > .sc-gHjVMF').type('teste');\ncy.get(':nth-child(3) > .sc-bqOYya > .sc-gHjVMF').type('teste');\ncy.get(':nth-child(4) > .sc-irLvIq > .sc-csKJxZ').click();\ncy.get('.Toastify__toast-body > :nth-child(1)').should('be.visible');",
              "err": {},
              "uuid": "8809641d-a325-44a4-b7b0-7e08aa9bc4e1",
              "parentUUID": "8288ecad-cfec-45f8-867c-71e5f971df49",
              "isHook": false,
              "skipped": false
            },
            {
              "title": "5 Nega cadastrar novo aluno sem nome",
              "fullTitle": "Alunos 5 Nega cadastrar novo aluno sem nome",
              "timedOut": null,
              "duration": 1784,
              "state": "passed",
              "speed": "fast",
              "pass": true,
              "fail": false,
              "pending": false,
              "context": null,
              "code": "cy.get(':nth-child(2) > .sc-bqOYya > .sc-gHjVMF').type(emails[1]);\ncy.get(':nth-child(3) > .sc-bqOYya > .sc-gHjVMF').type('teste');\ncy.get(':nth-child(4) > .sc-irLvIq > .sc-csKJxZ').click();\ncy.get('.Toastify__toast-body > :nth-child(2)').should('not.exist');",
              "err": {},
              "uuid": "f0465d73-4fbc-4eb8-ba20-e27f30119ceb",
              "parentUUID": "8288ecad-cfec-45f8-867c-71e5f971df49",
              "isHook": false,
              "skipped": false
            },
            {
              "title": "6 Nega cadastrar novo aluno sem email",
              "fullTitle": "Alunos 6 Nega cadastrar novo aluno sem email",
              "timedOut": null,
              "duration": 1634,
              "state": "passed",
              "speed": "fast",
              "pass": true,
              "fail": false,
              "pending": false,
              "context": null,
              "code": "cy.get(':nth-child(1) > .sc-bqOYya > .sc-gHjVMF').type('teste');\ncy.get(':nth-child(3) > .sc-bqOYya > .sc-gHjVMF').type('teste');\ncy.get(':nth-child(4) > .sc-irLvIq > .sc-csKJxZ').click();\ncy.get('.Toastify__toast-body > :nth-child(2)').should('not.exist');",
              "err": {},
              "uuid": "f7d90ba9-6717-48ae-98f7-894390464944",
              "parentUUID": "8288ecad-cfec-45f8-867c-71e5f971df49",
              "isHook": false,
              "skipped": false
            },
            {
              "title": "7 Nega cadastrar novo aluno sem senha",
              "fullTitle": "Alunos 7 Nega cadastrar novo aluno sem senha",
              "timedOut": null,
              "duration": 1741,
              "state": "passed",
              "speed": "fast",
              "pass": true,
              "fail": false,
              "pending": false,
              "context": null,
              "code": "cy.get(':nth-child(1) > .sc-bqOYya > .sc-gHjVMF').type('teste');\ncy.get(':nth-child(2) > .sc-bqOYya > .sc-gHjVMF').type(emails[1]);\ncy.get(':nth-child(4) > .sc-irLvIq > .sc-csKJxZ').click();\ncy.get('.Toastify__toast-body > :nth-child(2)').should('not.exist');",
              "err": {},
              "uuid": "96861e6e-b35f-4f82-add7-1ef10ea7ed6f",
              "parentUUID": "8288ecad-cfec-45f8-867c-71e5f971df49",
              "isHook": false,
              "skipped": false
            },
            {
              "title": "8 Cadastra novo aluno com email ainda não cadastrado",
              "fullTitle": "Alunos 8 Cadastra novo aluno com email ainda não cadastrado",
              "timedOut": null,
              "duration": 2129,
              "state": "passed",
              "speed": "fast",
              "pass": true,
              "fail": false,
              "pending": false,
              "context": null,
              "code": "cy.get(':nth-child(1) > .sc-bqOYya > .sc-gHjVMF').type('teste1');\ncy.get(':nth-child(2) > .sc-bqOYya > .sc-gHjVMF').type(emails[1]);\ncy.get(':nth-child(3) > .sc-bqOYya > .sc-gHjVMF').type('teste');\ncy.get(':nth-child(4) > .sc-irLvIq > .sc-csKJxZ').click();\ncy.get('.Toastify__toast-body > :nth-child(2)').should('have.text', 'Usuário criado com sucesso!');",
              "err": {},
              "uuid": "58c6e716-08ac-47e7-941e-b36e49e1ff80",
              "parentUUID": "8288ecad-cfec-45f8-867c-71e5f971df49",
              "isHook": false,
              "skipped": false
            }
          ],
          "suites": [],
          "passes": [
            "fa5304d2-8050-4f03-b9c5-18d17a3a7917",
            "d9562fe5-db54-4a1e-9783-42e9c2640b31",
            "7436f7a3-6d00-44a0-aa6e-58e8604cdd9a",
            "8809641d-a325-44a4-b7b0-7e08aa9bc4e1",
            "f0465d73-4fbc-4eb8-ba20-e27f30119ceb",
            "f7d90ba9-6717-48ae-98f7-894390464944",
            "96861e6e-b35f-4f82-add7-1ef10ea7ed6f",
            "58c6e716-08ac-47e7-941e-b36e49e1ff80"
          ],
          "failures": [],
          "pending": [],
          "skipped": [],
          "duration": 15565,
          "root": false,
          "rootEmpty": false,
          "_timeout": 2000
        }
      ],
      "passes": [],
      "failures": [],
      "pending": [],
      "skipped": [],
      "duration": 0,
      "root": true,
      "rootEmpty": true,
      "_timeout": 2000
    }
  ],
  "meta": {
    "mocha": {
      "version": "7.2.0"
    },
    "mochawesome": {
      "options": {
        "quiet": false,
        "reportFilename": "mochawesome",
        "saveHtml": true,
        "saveJson": true,
        "consoleReporter": "spec",
        "useInlineDiffs": false,
        "code": true
      },
      "version": "7.1.3"
    },
    "marge": {
      "options": {
        "charts": true,
        "overwrite": false,
        "html": true,
        "json": true,
        "reportDir": "cypress/reports/mochawesome-report"
      },
      "version": "6.2.0"
    }
  }
}